{"C:\\Users\\Stagiaire\\Desktop\\Projects\\Tests\\PtiKawa-Tests-And-Deploy\\src\\services\\creditService.js": {"path":"C:\\Users\\Stagiaire\\Desktop\\Projects\\Tests\\PtiKawa-Tests-And-Deploy\\src\\services\\creditService.js","statementMap":{"0":{"start":{"line":1,"column":32},"end":{"line":1,"column":61}},"1":{"start":{"line":4,"column":16},"end":{"line":4,"column":44}},"2":{"start":{"line":5,"column":15},"end":{"line":5,"column":47}},"3":{"start":{"line":5,"column":31},"end":{"line":5,"column":46}},"4":{"start":{"line":6,"column":2},"end":{"line":6,"column":25}},"5":{"start":{"line":6,"column":13},"end":{"line":6,"column":25}},"6":{"start":{"line":8,"column":2},"end":{"line":8,"column":24}},"7":{"start":{"line":9,"column":2},"end":{"line":9,"column":39}},"8":{"start":{"line":11,"column":2},"end":{"line":11,"column":21}},"9":{"start":{"line":14,"column":0},"end":{"line":16,"column":2}}},"fnMap":{"0":{"name":"recharge","decl":{"start":{"line":3,"column":15},"end":{"line":3,"column":23}},"loc":{"start":{"line":3,"column":40},"end":{"line":12,"column":1}},"line":3},"1":{"name":"(anonymous_1)","decl":{"start":{"line":5,"column":26},"end":{"line":5,"column":27}},"loc":{"start":{"line":5,"column":31},"end":{"line":5,"column":46}},"line":5}},"branchMap":{"0":{"loc":{"start":{"line":6,"column":2},"end":{"line":6,"column":25}},"type":"if","locations":[{"start":{"line":6,"column":2},"end":{"line":6,"column":25}},{"start":{},"end":{}}],"line":6}},"s":{"0":1,"1":2,"2":2,"3":2,"4":2,"5":1,"6":1,"7":1,"8":1,"9":1},"f":{"0":2,"1":2},"b":{"0":[1,1]},"_coverageSchema":"1a1c01bbd47fc00a2c39e90264f33305004495a9","hash":"ad2e9914f30e348e7be0e71b479e54b109317333"}
,"C:\\Users\\Stagiaire\\Desktop\\Projects\\Tests\\PtiKawa-Tests-And-Deploy\\src\\services\\orderService.js": {"path":"C:\\Users\\Stagiaire\\Desktop\\Projects\\Tests\\PtiKawa-Tests-And-Deploy\\src\\services\\orderService.js","statementMap":{"0":{"start":{"line":8,"column":4},"end":{"line":8,"column":40}},"1":{"start":{"line":8,"column":31},"end":{"line":8,"column":40}},"2":{"start":{"line":9,"column":2},"end":{"line":13,"column":3}},"3":{"start":{"line":10,"column":4},"end":{"line":12,"column":5}},"4":{"start":{"line":11,"column":6},"end":{"line":11,"column":39}},"5":{"start":{"line":14,"column":2},"end":{"line":14,"column":62}},"6":{"start":{"line":14,"column":39},"end":{"line":14,"column":57}},"7":{"start":{"line":24,"column":2},"end":{"line":24,"column":90}},"8":{"start":{"line":24,"column":77},"end":{"line":24,"column":90}},"9":{"start":{"line":25,"column":2},"end":{"line":25,"column":30}},"10":{"start":{"line":34,"column":2},"end":{"line":36,"column":3}},"11":{"start":{"line":35,"column":4},"end":{"line":35,"column":40}},"12":{"start":{"line":37,"column":2},"end":{"line":37,"column":43}},"13":{"start":{"line":40,"column":0},"end":{"line":44,"column":2}}},"fnMap":{"0":{"name":"calculateOrderPrice","decl":{"start":{"line":7,"column":9},"end":{"line":7,"column":28}},"loc":{"start":{"line":7,"column":36},"end":{"line":15,"column":1}},"line":7},"1":{"name":"(anonymous_1)","decl":{"start":{"line":14,"column":22},"end":{"line":14,"column":23}},"loc":{"start":{"line":14,"column":39},"end":{"line":14,"column":57}},"line":14},"2":{"name":"canAffordOrder","decl":{"start":{"line":23,"column":9},"end":{"line":23,"column":23}},"loc":{"start":{"line":23,"column":37},"end":{"line":26,"column":1}},"line":23},"3":{"name":"applyDiscount","decl":{"start":{"line":33,"column":9},"end":{"line":33,"column":22}},"loc":{"start":{"line":33,"column":30},"end":{"line":38,"column":1}},"line":33}},"branchMap":{"0":{"loc":{"start":{"line":8,"column":4},"end":{"line":8,"column":40}},"type":"if","locations":[{"start":{"line":8,"column":4},"end":{"line":8,"column":40}},{"start":{},"end":{}}],"line":8},"1":{"loc":{"start":{"line":10,"column":4},"end":{"line":12,"column":5}},"type":"if","locations":[{"start":{"line":10,"column":4},"end":{"line":12,"column":5}},{"start":{},"end":{}}],"line":10},"2":{"loc":{"start":{"line":10,"column":8},"end":{"line":10,"column":56}},"type":"binary-expr","locations":[{"start":{"line":10,"column":8},"end":{"line":10,"column":38}},{"start":{"line":10,"column":42},"end":{"line":10,"column":56}}],"line":10},"3":{"loc":{"start":{"line":24,"column":2},"end":{"line":24,"column":90}},"type":"if","locations":[{"start":{"line":24,"column":2},"end":{"line":24,"column":90}},{"start":{},"end":{}}],"line":24},"4":{"loc":{"start":{"line":24,"column":6},"end":{"line":24,"column":75}},"type":"binary-expr","locations":[{"start":{"line":24,"column":6},"end":{"line":24,"column":11}},{"start":{"line":24,"column":15},"end":{"line":24,"column":46}},{"start":{"line":24,"column":50},"end":{"line":24,"column":75}}],"line":24},"5":{"loc":{"start":{"line":34,"column":2},"end":{"line":36,"column":3}},"type":"if","locations":[{"start":{"line":34,"column":2},"end":{"line":36,"column":3}},{"start":{},"end":{}}],"line":34},"6":{"loc":{"start":{"line":34,"column":6},"end":{"line":34,"column":44}},"type":"binary-expr","locations":[{"start":{"line":34,"column":6},"end":{"line":34,"column":31}},{"start":{"line":34,"column":35},"end":{"line":34,"column":44}}],"line":34},"7":{"loc":{"start":{"line":37,"column":9},"end":{"line":37,"column":42}},"type":"cond-expr","locations":[{"start":{"line":37,"column":23},"end":{"line":37,"column":34}},{"start":{"line":37,"column":37},"end":{"line":37,"column":42}}],"line":37}},"s":{"0":4,"1":1,"2":3,"3":3,"4":1,"5":2,"6":2,"7":4,"8":2,"9":2,"10":4,"11":2,"12":2,"13":1},"f":{"0":4,"1":2,"2":4,"3":4},"b":{"0":[1,3],"1":[1,2],"2":[3,3],"3":[2,2],"4":[4,3,2],"5":[2,2],"6":[4,3],"7":[1,1]},"_coverageSchema":"1a1c01bbd47fc00a2c39e90264f33305004495a9","hash":"e34855e599f1d76267bda123282eb2ae19bb63eb"}
,"C:\\Users\\Stagiaire\\Desktop\\Projects\\Tests\\PtiKawa-Tests-And-Deploy\\src\\utils\\fileDB.js": {"path":"C:\\Users\\Stagiaire\\Desktop\\Projects\\Tests\\PtiKawa-Tests-And-Deploy\\src\\utils\\fileDB.js","statementMap":{"0":{"start":{"line":1,"column":10},"end":{"line":1,"column":32}},"1":{"start":{"line":2,"column":11},"end":{"line":2,"column":26}},"2":{"start":{"line":3,"column":25},"end":{"line":3,"column":39}},"3":{"start":{"line":5,"column":17},"end":{"line":5,"column":67}},"4":{"start":{"line":5,"column":27},"end":{"line":5,"column":67}},"5":{"start":{"line":8,"column":19},"end":{"line":8,"column":33}},"6":{"start":{"line":9,"column":18},"end":{"line":9,"column":54}},"7":{"start":{"line":10,"column":2},"end":{"line":10,"column":29}},"8":{"start":{"line":14,"column":19},"end":{"line":14,"column":33}},"9":{"start":{"line":15,"column":2},"end":{"line":15,"column":62}},"10":{"start":{"line":18,"column":0},"end":{"line":21,"column":2}}},"fnMap":{"0":{"name":"(anonymous_0)","decl":{"start":{"line":5,"column":17},"end":{"line":5,"column":18}},"loc":{"start":{"line":5,"column":27},"end":{"line":5,"column":67}},"line":5},"1":{"name":"readData","decl":{"start":{"line":7,"column":15},"end":{"line":7,"column":23}},"loc":{"start":{"line":7,"column":30},"end":{"line":11,"column":1}},"line":7},"2":{"name":"writeData","decl":{"start":{"line":13,"column":15},"end":{"line":13,"column":24}},"loc":{"start":{"line":13,"column":37},"end":{"line":16,"column":1}},"line":13}},"branchMap":{},"s":{"0":1,"1":1,"2":1,"3":1,"4":0,"5":0,"6":0,"7":0,"8":0,"9":0,"10":1},"f":{"0":0,"1":0,"2":0},"b":{},"_coverageSchema":"1a1c01bbd47fc00a2c39e90264f33305004495a9","hash":"f83632e8dd4131ef10c7d7530f7469e0baf86243"}
}
