TN:
SF:src\services\creditService.js
FN:3,recharge
FN:5,(anonymous_1)
FNF:2
FNH:2
FNDA:5,recharge
FNDA:5,(anonymous_1)
DA:1,1
DA:4,5
DA:5,5
DA:6,5
DA:8,4
DA:9,4
DA:11,4
DA:14,1
LF:8
LH:8
BRDA:6,0,0,1
BRDA:6,0,1,4
BRF:2
BRH:2
end_of_record
TN:
SF:src\services\orderService.js
FN:7,calculateOrderPrice
FN:14,(anonymous_1)
FN:23,canAffordOrder
FN:33,applyDiscount
FNF:4
FNH:4
FNDA:4,calculateOrderPrice
FNDA:2,(anonymous_1)
FNDA:4,canAffordOrder
FNDA:4,applyDiscount
DA:8,4
DA:9,3
DA:10,3
DA:11,1
DA:14,2
DA:24,4
DA:25,2
DA:34,4
DA:35,2
DA:37,2
DA:40,1
LF:11
LH:11
BRDA:8,0,0,1
BRDA:8,0,1,3
BRDA:10,1,0,1
BRDA:10,1,1,2
BRDA:10,2,0,3
BRDA:10,2,1,3
BRDA:24,3,0,2
BRDA:24,3,1,2
BRDA:24,4,0,4
BRDA:24,4,1,3
BRDA:24,4,2,2
BRDA:34,5,0,2
BRDA:34,5,1,2
BRDA:34,6,0,4
BRDA:34,6,1,3
BRDA:37,7,0,1
BRDA:37,7,1,1
BRF:17
BRH:17
end_of_record
TN:
SF:src\utils\fileDB.js
FN:5,(anonymous_0)
FN:7,readData
FN:13,writeData
FNF:3
FNH:0
FNDA:0,(anonymous_0)
FNDA:0,readData
FNDA:0,writeData
DA:1,1
DA:2,1
DA:3,1
DA:5,1
DA:8,0
DA:9,0
DA:10,0
DA:14,0
DA:15,0
DA:18,1
LF:10
LH:5
BRF:0
BRH:0
end_of_record
